c:\users\tanma\documents\codingprojects\myprojects\graphical-render-engine\graphicalrenderengine\x64\debug\graphicalrenderengine.pch
c:\users\tanma\documents\codingprojects\myprojects\graphical-render-engine\graphicalrenderengine\x64\debug\vc143.pdb
c:\users\tanma\documents\codingprojects\myprojects\graphical-render-engine\graphicalrenderengine\x64\debug\vc143.idb
c:\users\tanma\documents\codingprojects\myprojects\graphical-render-engine\graphicalrenderengine\x64\debug\pch.obj
c:\users\tanma\documents\codingprojects\myprojects\graphical-render-engine\graphicalrenderengine\x64\debug\stb.obj
c:\users\tanma\documents\codingprojects\myprojects\graphical-render-engine\graphicalrenderengine\x64\debug\shaderclass.obj
c:\users\tanma\documents\codingprojects\myprojects\graphical-render-engine\graphicalrenderengine\x64\debug\vbo.obj
c:\users\tanma\documents\codingprojects\myprojects\graphical-render-engine\graphicalrenderengine\x64\debug\vao.obj
c:\users\tanma\documents\codingprojects\myprojects\graphical-render-engine\graphicalrenderengine\x64\debug\texture.obj
c:\users\tanma\documents\codingprojects\myprojects\graphical-render-engine\graphicalrenderengine\x64\debug\scenerenderer.obj
c:\users\tanma\documents\codingprojects\myprojects\graphical-render-engine\graphicalrenderengine\x64\debug\renderer.obj
c:\users\tanma\documents\codingprojects\myprojects\graphical-render-engine\graphicalrenderengine\x64\debug\openglwindow.obj
c:\users\tanma\documents\codingprojects\myprojects\graphical-render-engine\graphicalrenderengine\x64\debug\model.obj
c:\users\tanma\documents\codingprojects\myprojects\graphical-render-engine\graphicalrenderengine\x64\debug\mesh.obj
c:\users\tanma\documents\codingprojects\myprojects\graphical-render-engine\graphicalrenderengine\x64\debug\greutilities.obj
c:\users\tanma\documents\codingprojects\myprojects\graphical-render-engine\graphicalrenderengine\x64\debug\greglobals.obj
c:\users\tanma\documents\codingprojects\myprojects\graphical-render-engine\graphicalrenderengine\x64\debug\ebo.obj
c:\users\tanma\documents\codingprojects\myprojects\graphical-render-engine\graphicalrenderengine\x64\debug\dllmain.obj
c:\users\tanma\documents\codingprojects\myprojects\graphical-render-engine\graphicalrenderengine\x64\debug\camera.obj
c:\users\tanma\documents\codingprojects\myprojects\graphical-render-engine\graphicalrenderengine\x64\debug\glad.obj
c:\users\tanma\documents\codingprojects\myprojects\voronoi-wave-collapse-generator - copy\voronoiwavecollapsegenerator\x64\debug\graphicalrenderengine.lib
c:\users\tanma\documents\codingprojects\myprojects\voronoi-wave-collapse-generator - copy\voronoiwavecollapsegenerator\x64\debug\graphicalrenderengine.exp
c:\users\tanma\documents\codingprojects\myprojects\voronoi-wave-collapse-generator\voronoiwavecollapsegenerator\x64\debug\graphicalrenderengine.lib
c:\users\tanma\documents\codingprojects\myprojects\voronoi-wave-collapse-generator\voronoiwavecollapsegenerator\x64\debug\graphicalrenderengine.exp
c:\users\tanma\documents\codingprojects\myprojects\voronoi-wave-collapse-generator\voronoiwavecollapsegenerator\x64\debug\graphicalrenderengine.dll
c:\users\tanma\documents\codingprojects\myprojects\graphical-render-engine\graphicalrenderengine\x64\debug\graphicalrenderengine.ilk
c:\users\tanma\documents\codingprojects\myprojects\voronoi-wave-collapse-generator\voronoiwavecollapsegenerator\x64\debug\graphicalrenderengine.pdb
c:\users\tanma\documents\codingprojects\myprojects\graphical-render-engine\graphicalrenderengine\x64\debug\graphica.eab10a15.tlog\cl.command.1.tlog
c:\users\tanma\documents\codingprojects\myprojects\graphical-render-engine\graphicalrenderengine\x64\debug\graphica.eab10a15.tlog\cl.read.1.tlog
c:\users\tanma\documents\codingprojects\myprojects\graphical-render-engine\graphicalrenderengine\x64\debug\graphica.eab10a15.tlog\cl.write.1.tlog
c:\users\tanma\documents\codingprojects\myprojects\graphical-render-engine\graphicalrenderengine\x64\debug\graphica.eab10a15.tlog\graphicalrenderengine.write.1u.tlog
c:\users\tanma\documents\codingprojects\myprojects\graphical-render-engine\graphicalrenderengine\x64\debug\graphica.eab10a15.tlog\link.command.1.tlog
c:\users\tanma\documents\codingprojects\myprojects\graphical-render-engine\graphicalrenderengine\x64\debug\graphica.eab10a15.tlog\link.read.1.tlog
c:\users\tanma\documents\codingprojects\myprojects\graphical-render-engine\graphicalrenderengine\x64\debug\graphica.eab10a15.tlog\link.write.1.tlog
