c:\users\tanma\documents\codingprojects\myprojects\graphical-render-engine\graphicalrenderengine\x64\release\graphicalrenderengine.pch
c:\users\tanma\documents\codingprojects\myprojects\graphical-render-engine\graphicalrenderengine\x64\release\vc143.pdb
c:\users\tanma\documents\codingprojects\myprojects\graphical-render-engine\graphicalrenderengine\x64\release\pch.obj
c:\users\tanma\documents\codingprojects\myprojects\graphical-render-engine\graphicalrenderengine\x64\release\vbo.obj
c:\users\tanma\documents\codingprojects\myprojects\graphical-render-engine\graphicalrenderengine\x64\release\vao.obj
c:\users\tanma\documents\codingprojects\myprojects\graphical-render-engine\graphicalrenderengine\x64\release\texture.obj
c:\users\tanma\documents\codingprojects\myprojects\graphical-render-engine\graphicalrenderengine\x64\release\stb.obj
c:\users\tanma\documents\codingprojects\myprojects\graphical-render-engine\graphicalrenderengine\x64\release\shaderclass.obj
c:\users\tanma\documents\codingprojects\myprojects\graphical-render-engine\graphicalrenderengine\x64\release\greutilities.obj
c:\users\tanma\documents\codingprojects\myprojects\graphical-render-engine\graphicalrenderengine\x64\release\renderer.obj
c:\users\tanma\documents\codingprojects\myprojects\graphical-render-engine\graphicalrenderengine\x64\release\model.obj
c:\users\tanma\documents\codingprojects\myprojects\graphical-render-engine\graphicalrenderengine\x64\release\mesh.obj
c:\users\tanma\documents\codingprojects\myprojects\graphical-render-engine\graphicalrenderengine\x64\release\greglobals.obj
c:\users\tanma\documents\codingprojects\myprojects\graphical-render-engine\graphicalrenderengine\x64\release\ebo.obj
c:\users\tanma\documents\codingprojects\myprojects\graphical-render-engine\graphicalrenderengine\x64\release\dllmain.obj
c:\users\tanma\documents\codingprojects\myprojects\graphical-render-engine\graphicalrenderengine\x64\release\camera.obj
c:\users\tanma\documents\codingprojects\myprojects\graphical-render-engine\graphicalrenderengine\x64\release\glad.obj
c:\users\tanma\documents\codingprojects\myprojects\voronoi-wave-collapse-generator\voronoiwavecollapsegenerator\x64\release\graphicalrenderengine.lib
c:\users\tanma\documents\codingprojects\myprojects\voronoi-wave-collapse-generator\voronoiwavecollapsegenerator\x64\release\graphicalrenderengine.exp
c:\users\tanma\documents\codingprojects\myprojects\voronoi-wave-collapse-generator\voronoiwavecollapsegenerator\x64\release\graphicalrenderengine.dll
c:\users\tanma\documents\codingprojects\myprojects\graphical-render-engine\graphicalrenderengine\x64\release\graphicalrenderengine.ipdb
c:\users\tanma\documents\codingprojects\myprojects\voronoi-wave-collapse-generator\voronoiwavecollapsegenerator\x64\release\graphicalrenderengine.pdb
c:\users\tanma\documents\codingprojects\myprojects\graphical-render-engine\graphicalrenderengine\x64\release\graphicalrenderengine.iobj
c:\users\tanma\documents\codingprojects\myprojects\graphical-render-engine\graphicalrenderengine\x64\release\graphica.eab10a15.tlog\cl.command.1.tlog
c:\users\tanma\documents\codingprojects\myprojects\graphical-render-engine\graphicalrenderengine\x64\release\graphica.eab10a15.tlog\cl.read.1.tlog
c:\users\tanma\documents\codingprojects\myprojects\graphical-render-engine\graphicalrenderengine\x64\release\graphica.eab10a15.tlog\cl.write.1.tlog
c:\users\tanma\documents\codingprojects\myprojects\graphical-render-engine\graphicalrenderengine\x64\release\graphica.eab10a15.tlog\graphicalrenderengine.write.1u.tlog
c:\users\tanma\documents\codingprojects\myprojects\graphical-render-engine\graphicalrenderengine\x64\release\graphica.eab10a15.tlog\link.command.1.tlog
c:\users\tanma\documents\codingprojects\myprojects\graphical-render-engine\graphicalrenderengine\x64\release\graphica.eab10a15.tlog\link.read.1.tlog
c:\users\tanma\documents\codingprojects\myprojects\graphical-render-engine\graphicalrenderengine\x64\release\graphica.eab10a15.tlog\link.write.1.tlog
